/*C4*/SET SCHEMA PUBLIC
DISCONNECT
/*C5*/SET SCHEMA PUBLIC
CREATE TABLE ITEMCATEGORY (id BIGINT NOT NULL, CATEGORYNAME VARCHAR(255), DESCRIPTION VARCHAR(255), version INTEGER, PRIMARY KEY (id))
DELETE FROM SEQUENCE WHERE SEQ_NAME='SEQ_GEN'
INSERT INTO SEQUENCE VALUES('SEQ_GEN',200)
COMMIT
INSERT INTO CONTACT VALUES(151,'rudolf.bernales@gmail.com','12323-21212','Senn','Alonzo','Fransenn','09261334046','232-3111',1,27)
COMMIT
INSERT INTO COUNTRY VALUES(152,'Dubai',1)
COMMIT
INSERT INTO COUNTRY VALUES(153,'Dubai',1)
COMMIT
DELETE FROM INDUSTRYTYPE WHERE ID=22
INSERT INTO INDUSTRYTYPE VALUES(22,'Manufacturing12121',2)
COMMIT
DELETE FROM INDUSTRYTYPE WHERE ID=22
INSERT INTO INDUSTRYTYPE VALUES(22,'Manufacturing',3)
COMMIT
DELETE FROM CUSTOMERTYPE WHERE ID=21
INSERT INTO CUSTOMERTYPE VALUES(21,'Walk-in12313',2)
COMMIT
DELETE FROM CUSTOMERTYPE WHERE ID=21
INSERT INTO CUSTOMERTYPE VALUES(21,'Walk-in',3)
COMMIT
INSERT INTO CUSTOMER VALUES(154,'Retain',1,15,8,6,1,21,22,19,2,12)
COMMIT
DELETE FROM CUSTOMERTYPE WHERE ID=21
INSERT INTO CUSTOMERTYPE VALUES(21,'Walk-in12313',4)
COMMIT
DELETE FROM CUSTOMERTYPE WHERE ID=21
INSERT INTO CUSTOMERTYPE VALUES(21,'Walk-in',5)
COMMIT
DISCONNECT
